2019-01-30 22:27:15,119 INFO o.a.j.u.JMeterUtils: Setting Locale to en_EN
2019-01-30 22:27:15,136 INFO o.a.j.JMeter: Loading user properties from: /usr/local/Cellar/jmeter/5.0/libexec/bin/user.properties
2019-01-30 22:27:15,137 INFO o.a.j.JMeter: Loading system properties from: /usr/local/Cellar/jmeter/5.0/libexec/bin/system.properties
2019-01-30 22:27:15,137 INFO o.a.j.JMeter: Setting System property: HostName=www
2019-01-30 22:27:15,141 INFO o.a.j.JMeter: Copyright (c) 1998-2018 The Apache Software Foundation
2019-01-30 22:27:15,141 INFO o.a.j.JMeter: Version 5.0 r1840935
2019-01-30 22:27:15,141 INFO o.a.j.JMeter: java.version=1.8.0_181
2019-01-30 22:27:15,141 INFO o.a.j.JMeter: java.vm.name=Java HotSpot(TM) 64-Bit Server VM
2019-01-30 22:27:15,141 INFO o.a.j.JMeter: os.name=Mac OS X
2019-01-30 22:27:15,141 INFO o.a.j.JMeter: os.arch=x86_64
2019-01-30 22:27:15,141 INFO o.a.j.JMeter: os.version=10.14.2
2019-01-30 22:27:15,141 INFO o.a.j.JMeter: file.encoding=UTF-8
2019-01-30 22:27:15,141 INFO o.a.j.JMeter: Max memory     =1073741824
2019-01-30 22:27:15,141 INFO o.a.j.JMeter: Available Processors =12
2019-01-30 22:27:15,144 INFO o.a.j.JMeter: Default Locale=English (EN)
2019-01-30 22:27:15,144 INFO o.a.j.JMeter: JMeter  Locale=English (EN)
2019-01-30 22:27:15,144 INFO o.a.j.JMeter: JMeterHome=/usr/local/Cellar/jmeter/5.0/libexec
2019-01-30 22:27:15,144 INFO o.a.j.JMeter: user.dir  =/Users/jahidul/IdeaProjects/JMeterScript
2019-01-30 22:27:15,145 INFO o.a.j.JMeter: PWD       =/Users/jahidul/IdeaProjects/JMeterScript
2019-01-30 22:27:15,146 INFO o.a.j.JMeter: IP: 10.11.11.123 Name: Mds-MacBook-Pro.local FullName: 10.11.11.123
2019-01-30 22:27:15,147 INFO o.a.j.JMeter: Setting property 'jmeter.reportgenerator.outputdir' to:'/Users/jahidul/IdeaProjects/JMeterScript/results'
2019-01-30 22:27:15,148 INFO o.a.j.s.FileServer: Default base='/Users/jahidul/IdeaProjects/JMeterScript'
2019-01-30 22:27:15,152 INFO o.a.j.s.FileServer: Set new base='/Users/jahidul/IdeaProjects/JMeterScript'
2019-01-30 22:27:15,246 INFO o.a.j.s.SaveService: Testplan (JMX) version: 2.2. Testlog (JTL) version: 2.2
2019-01-30 22:27:15,261 INFO o.a.j.s.SaveService: Using SaveService properties file encoding UTF-8
2019-01-30 22:27:15,265 INFO o.a.j.s.SaveService: Using SaveService properties version 5.0
2019-01-30 22:27:15,269 INFO o.a.j.s.SaveService: Loading file: SendingInfoFromCommandLine.jmx
2019-01-30 22:27:15,299 INFO o.a.j.p.h.c.CookieManager: Settings: Delete null: true Check: true Allow variable: true Save: false Prefix: COOKIE_
2019-01-30 22:27:15,310 INFO o.a.j.p.h.s.HTTPSamplerBase: Parser for text/html is org.apache.jmeter.protocol.http.parser.LagartoBasedHtmlParser
2019-01-30 22:27:15,310 INFO o.a.j.p.h.s.HTTPSamplerBase: Parser for application/xhtml+xml is org.apache.jmeter.protocol.http.parser.LagartoBasedHtmlParser
2019-01-30 22:27:15,310 INFO o.a.j.p.h.s.HTTPSamplerBase: Parser for application/xml is org.apache.jmeter.protocol.http.parser.LagartoBasedHtmlParser
2019-01-30 22:27:15,310 INFO o.a.j.p.h.s.HTTPSamplerBase: Parser for text/xml is org.apache.jmeter.protocol.http.parser.LagartoBasedHtmlParser
2019-01-30 22:27:15,310 INFO o.a.j.p.h.s.HTTPSamplerBase: Parser for text/vnd.wap.wml is org.apache.jmeter.protocol.http.parser.RegexpHTMLParser
2019-01-30 22:27:15,310 INFO o.a.j.p.h.s.HTTPSamplerBase: Parser for text/css is org.apache.jmeter.protocol.http.parser.CssParser
2019-01-30 22:27:15,471 INFO o.a.j.e.KeyToolUtils: keytool found at 'keytool'
2019-01-30 22:27:15,472 INFO o.a.j.p.h.p.ProxyControl: HTTP(S) Test Script Recorder SSL Proxy will use keys that support embedded 3rd party resources in file /usr/local/Cellar/jmeter/5.0/libexec/bin/proxyserver.jks
2019-01-30 22:27:15,479 INFO o.a.j.JMeter: Creating summariser <summary>
2019-01-30 22:27:15,483 INFO o.a.j.r.d.ReportGenerator: ReportGenerator will use for Parsing the separator: ','
2019-01-30 22:27:15,483 INFO o.a.j.r.d.ReportGenerator: Will generate report at end of test from  results file: result.jtl
2019-01-30 22:27:15,483 INFO o.a.j.r.d.ReportGenerator: Reading report generator properties from: /usr/local/Cellar/jmeter/5.0/libexec/bin/reportgenerator.properties
2019-01-30 22:27:15,483 INFO o.a.j.r.d.ReportGenerator: Merging with JMeter properties
2019-01-30 22:27:15,487 INFO o.a.j.r.c.ReportGeneratorConfiguration: Property 'jmeter.reportgenerator.temp_dir' not found, using default value 'temp' instead.
2019-01-30 22:27:15,489 INFO o.a.j.r.c.ReportGeneratorConfiguration: Property 'jmeter.reportgenerator.apdex_per_transaction' not found, using default value 'null' instead.
2019-01-30 22:27:15,490 INFO o.a.j.r.c.ReportGeneratorConfiguration: apdex_per_transaction : {} is empty, not APDEX per transaction customization
2019-01-30 22:27:15,490 INFO o.a.j.r.c.ReportGeneratorConfiguration: Property 'jmeter.reportgenerator.sample_filter' not found, using default value 'null' instead.
2019-01-30 22:27:15,490 INFO o.a.j.r.c.ReportGeneratorConfiguration: Property 'jmeter.reportgenerator.report_title' not found, using default value 'null' instead.
2019-01-30 22:27:15,490 INFO o.a.j.r.c.ReportGeneratorConfiguration: Property 'jmeter.reportgenerator.start_date' not found, using default value 'null' instead.
2019-01-30 22:27:15,490 INFO o.a.j.r.c.ReportGeneratorConfiguration: Property 'jmeter.reportgenerator.end_date' not found, using default value 'null' instead.
2019-01-30 22:27:15,490 INFO o.a.j.r.c.ReportGeneratorConfiguration: Property 'jmeter.reportgenerator.date_format' not found, using default value 'null' instead.
2019-01-30 22:27:15,490 INFO o.a.j.r.c.ReportGeneratorConfiguration: Will use date range start date: null, end date: null
2019-01-30 22:27:15,494 INFO o.a.j.r.c.ReportGeneratorConfiguration: Property 'jmeter.reportgenerator.graph.totalTPS.exclude_controllers' not found, using default value 'false' instead.
2019-01-30 22:27:15,494 INFO o.a.j.r.c.ReportGeneratorConfiguration: Property 'jmeter.reportgenerator.graph.activeThreadsOverTime.exclude_controllers' not found, using default value 'false' instead.
2019-01-30 22:27:15,494 INFO o.a.j.r.c.ReportGeneratorConfiguration: Property 'jmeter.reportgenerator.graph.timeVsThreads.exclude_controllers' not found, using default value 'false' instead.
2019-01-30 22:27:15,494 INFO o.a.j.r.c.ReportGeneratorConfiguration: Property 'jmeter.reportgenerator.graph.responseTimeDistribution.exclude_controllers' not found, using default value 'false' instead.
2019-01-30 22:27:15,494 INFO o.a.j.r.c.ReportGeneratorConfiguration: Property 'jmeter.reportgenerator.graph.transactionsPerSecond.exclude_controllers' not found, using default value 'false' instead.
2019-01-30 22:27:15,495 INFO o.a.j.r.c.ReportGeneratorConfiguration: Property 'jmeter.reportgenerator.graph.responseTimePercentiles.exclude_controllers' not found, using default value 'false' instead.
2019-01-30 22:27:15,495 INFO o.a.j.r.c.ReportGeneratorConfiguration: Property 'jmeter.reportgenerator.graph.responseTimePercentilesOverTime.exclude_controllers' not found, using default value 'false' instead.
2019-01-30 22:27:15,495 INFO o.a.j.r.c.ReportGeneratorConfiguration: Property 'jmeter.reportgenerator.graph.responseTimesOverTime.exclude_controllers' not found, using default value 'false' instead.
2019-01-30 22:27:15,495 INFO o.a.j.r.c.ReportGeneratorConfiguration: Property 'jmeter.reportgenerator.graph.connectTimeOverTime.exclude_controllers' not found, using default value 'false' instead.
2019-01-30 22:27:15,495 INFO o.a.j.r.c.ReportGeneratorConfiguration: Property 'jmeter.reportgenerator.graph.latenciesOverTime.exclude_controllers' not found, using default value 'false' instead.
2019-01-30 22:27:15,496 INFO o.a.j.r.c.ReportGeneratorConfiguration: Property 'jmeter.reportgenerator.exporter.html.filters_only_sample_series' not found, using default value 'true' instead.
2019-01-30 22:27:15,496 INFO o.a.j.r.c.ReportGeneratorConfiguration: Property 'jmeter.reportgenerator.exporter.html.series_filter' not found, using default value '' instead.
2019-01-30 22:27:15,496 INFO o.a.j.r.c.ReportGeneratorConfiguration: Property 'jmeter.reportgenerator.exporter.html.show_controllers_only' not found, using default value 'false' instead.
2019-01-30 22:27:15,499 INFO o.a.j.e.StandardJMeterEngine: Running the test!
2019-01-30 22:27:15,500 INFO o.a.j.s.SampleEvent: List of sample_variables: []
2019-01-30 22:27:15,500 INFO o.a.j.s.SampleEvent: List of sample_variables: []
2019-01-30 22:27:15,503 INFO o.a.j.e.u.CompoundVariable: Note: Function class names must contain the string: '.functions.'
2019-01-30 22:27:15,503 INFO o.a.j.e.u.CompoundVariable: Note: Function class names must not contain the string: '.gui.'
2019-01-30 22:27:15,784 INFO o.a.j.JMeter: Running test (1548905235783)
2019-01-30 22:27:15,819 INFO o.a.j.e.StandardJMeterEngine: Starting ThreadGroup: 1 : Thread Group
2019-01-30 22:27:15,820 INFO o.a.j.e.StandardJMeterEngine: Starting 1 threads for group Thread Group.
2019-01-30 22:27:15,820 INFO o.a.j.e.StandardJMeterEngine: Thread will continue on error
2019-01-30 22:27:15,820 INFO o.a.j.t.ThreadGroup: Starting thread group... number=1 threads=1 ramp-up=1 perThread=1000.0 delayedStart=false
2019-01-30 22:27:15,825 INFO o.a.j.t.ThreadGroup: Started thread group number 1
2019-01-30 22:27:15,825 INFO o.a.j.e.StandardJMeterEngine: All thread groups have been started
2019-01-30 22:27:15,826 INFO o.a.j.t.JMeterThread: Thread started: Thread Group 1-1
2019-01-30 22:27:15,840 INFO o.a.j.p.h.s.HTTPHCAbstractImpl: Local host = Mds-MacBook-Pro.local
2019-01-30 22:27:15,845 INFO o.a.j.p.h.s.HTTPHC4Impl: HTTP request retry count = 0
2019-01-30 22:27:15,846 INFO o.a.j.s.SampleResult: Note: Sample TimeStamps are START times
2019-01-30 22:27:15,846 INFO o.a.j.s.SampleResult: sampleresult.default.encoding is set to ISO-8859-1
2019-01-30 22:27:15,846 INFO o.a.j.s.SampleResult: sampleresult.useNanoTime=true
2019-01-30 22:27:15,846 INFO o.a.j.s.SampleResult: sampleresult.nanoThreadSleep=5000
2019-01-30 22:27:17,489 INFO o.a.j.t.JMeterThread: Thread is done: Thread Group 1-1
2019-01-30 22:27:17,489 INFO o.a.j.t.JMeterThread: Thread finished: Thread Group 1-1
2019-01-30 22:27:17,491 INFO o.a.j.e.StandardJMeterEngine: Notifying test listeners of end of test
2019-01-30 22:27:17,492 INFO o.a.j.r.Summariser: summary =      4 in 00:00:02 =    2.3/s Avg:   397 Min:     1 Max:  1025 Err:     1 (25.00%)
2019-01-30 22:27:17,492 INFO o.a.j.JMeter: Generating Dashboard
2019-01-30 22:27:17,492 INFO o.a.j.r.d.ReportGenerator: Flushing result collector before report Generation
2019-01-30 22:27:17,501 INFO o.a.j.r.p.NormalizerSampleConsumer: Using format, 'ms', to parse timeStamp field
2019-01-30 22:27:17,554 INFO o.a.j.r.p.AbstractSampleConsumer: class org.apache.jmeter.report.processor.AggregateConsumer#stopProducing(): beginDate produced 0 samples
2019-01-30 22:27:17,554 INFO o.a.j.r.p.AbstractSampleConsumer: class org.apache.jmeter.report.processor.AggregateConsumer#stopProducing(): endDate produced 0 samples
2019-01-30 22:27:17,556 INFO o.a.j.r.p.AbstractSampleConsumer: class org.apache.jmeter.report.processor.ApdexSummaryConsumer#stopProducing(): apdexSummary produced 0 samples
2019-01-30 22:27:17,556 INFO o.a.j.r.p.AbstractSampleConsumer: class org.apache.jmeter.report.processor.RequestsSummaryConsumer#stopProducing(): requestsSummary produced 0 samples
2019-01-30 22:27:17,561 INFO o.a.j.r.p.AbstractSampleConsumer: class org.apache.jmeter.report.processor.StatisticsSummaryConsumer#stopProducing(): statisticsSummary produced 0 samples
2019-01-30 22:27:17,565 INFO o.a.j.r.p.AbstractSampleConsumer: class org.apache.jmeter.report.processor.Top5ErrorsBySamplerConsumer#stopProducing(): top5ErrorsBySampler produced 0 samples
2019-01-30 22:27:17,565 INFO o.a.j.r.p.AbstractSampleConsumer: class org.apache.jmeter.report.processor.ErrorsSummaryConsumer#stopProducing(): errorsSummary produced 0 samples
2019-01-30 22:27:17,565 INFO o.a.j.r.p.AbstractSampleConsumer: class org.apache.jmeter.report.processor.graph.impl.HitsPerSecondGraphConsumer#stopProducing(): hitsPerSecond produced 0 samples
2019-01-30 22:27:17,572 INFO o.a.j.r.p.AbstractSampleConsumer: class org.apache.jmeter.report.processor.graph.impl.LatencyVSRequestGraphConsumer#stopProducing(): latencyVsRequest produced 0 samples
2019-01-30 22:27:17,572 INFO o.a.j.r.p.AbstractSampleConsumer: class org.apache.jmeter.report.processor.graph.impl.SyntheticResponseTimeDistributionGraphConsumer#stopProducing(): syntheticResponseTimeDistribution produced 0 samples
2019-01-30 22:27:17,572 INFO o.a.j.r.p.AbstractSampleConsumer: class org.apache.jmeter.report.processor.graph.impl.BytesThroughputGraphConsumer#stopProducing(): bytesThroughputOverTime produced 0 samples
2019-01-30 22:27:17,572 INFO o.a.j.r.p.AbstractSampleConsumer: class org.apache.jmeter.report.processor.graph.impl.CodesPerSecondGraphConsumer#stopProducing(): codesPerSecond produced 0 samples
2019-01-30 22:27:17,574 INFO o.a.j.r.p.AbstractSampleConsumer: class org.apache.jmeter.report.processor.graph.impl.ResponseTimeVSRequestGraphConsumer#stopProducing(): responseTimeVsRequest produced 0 samples
2019-01-30 22:27:17,574 INFO o.a.j.r.p.AbstractSampleConsumer: class org.apache.jmeter.report.processor.FilterConsumer#stopProducing(): startIntervalControlerFilter produced 28 samples
2019-01-30 22:27:17,574 INFO o.a.j.r.p.AbstractSampleConsumer: class org.apache.jmeter.report.processor.graph.impl.TotalTPSGraphConsumer#stopProducing(): totalTPS produced 0 samples
2019-01-30 22:27:17,574 INFO o.a.j.r.p.AbstractSampleConsumer: class org.apache.jmeter.report.processor.graph.impl.ActiveThreadsGraphConsumer#stopProducing(): activeThreadsOverTime produced 0 samples
2019-01-30 22:27:17,574 INFO o.a.j.r.p.AbstractSampleConsumer: class org.apache.jmeter.report.processor.graph.impl.TimeVSThreadGraphConsumer#stopProducing(): timeVsThreads produced 0 samples
2019-01-30 22:27:17,575 INFO o.a.j.r.p.AbstractSampleConsumer: class org.apache.jmeter.report.processor.graph.impl.ResponseTimeDistributionGraphConsumer#stopProducing(): responseTimeDistribution produced 0 samples
2019-01-30 22:27:17,575 INFO o.a.j.r.p.AbstractSampleConsumer: class org.apache.jmeter.report.processor.graph.impl.TransactionsPerSecondGraphConsumer#stopProducing(): transactionsPerSecond produced 0 samples
2019-01-30 22:27:17,575 INFO o.a.j.r.p.AbstractSampleConsumer: class org.apache.jmeter.report.processor.graph.impl.ResponseTimePercentilesGraphConsumer#stopProducing(): responseTimePercentiles produced 0 samples
2019-01-30 22:27:17,576 INFO o.a.j.r.p.AbstractSampleConsumer: class org.apache.jmeter.report.processor.graph.impl.ResponseTimePercentilesOverTimeGraphConsumer#stopProducing(): responseTimePercentilesOverTime produced 0 samples
2019-01-30 22:27:17,576 INFO o.a.j.r.p.AbstractSampleConsumer: class org.apache.jmeter.report.processor.graph.impl.ResponseTimeOverTimeGraphConsumer#stopProducing(): responseTimesOverTime produced 0 samples
2019-01-30 22:27:17,576 INFO o.a.j.r.p.AbstractSampleConsumer: class org.apache.jmeter.report.processor.graph.impl.ConnectTimeOverTimeGraphConsumer#stopProducing(): connectTimeOverTime produced 0 samples
2019-01-30 22:27:17,576 INFO o.a.j.r.p.AbstractSampleConsumer: class org.apache.jmeter.report.processor.graph.impl.LatencyOverTimeGraphConsumer#stopProducing(): latenciesOverTime produced 0 samples
2019-01-30 22:27:17,576 INFO o.a.j.r.p.AbstractSampleConsumer: class org.apache.jmeter.report.processor.FilterConsumer#stopProducing(): nameFilter produced 60 samples
2019-01-30 22:27:17,576 INFO o.a.j.r.p.AbstractSampleConsumer: class org.apache.jmeter.report.processor.FilterConsumer#stopProducing(): dateRangeFilter produced 12 samples
2019-01-30 22:27:17,576 INFO o.a.j.r.p.AbstractSampleConsumer: class org.apache.jmeter.report.processor.NormalizerSampleConsumer#stopProducing(): normalizer produced 4 samples
2019-01-30 22:27:17,577 INFO o.a.j.r.p.CsvFileSampleSource: produce(): 4 samples produced in 53ms on channel 0
2019-01-30 22:27:17,577 INFO o.a.j.r.d.ReportGenerator: Exporting data using exporter:'html' of className:'org.apache.jmeter.report.dashboard.HtmlTemplateExporter'
2019-01-30 22:27:17,579 INFO o.a.j.r.d.HtmlTemplateExporter: Will generate dashboard in folder: /Users/jahidul/IdeaProjects/JMeterScript/results
2019-01-30 22:27:17,640 INFO o.a.j.r.d.HtmlTemplateExporter: Report will be generated in: /Users/jahidul/IdeaProjects/JMeterScript/results, creating folder structure
2019-01-30 22:27:17,901 INFO o.a.j.JMeter: Dashboard generated
